d:\labs\yap\кп\dvv-2018\dvv-2018\x64\debug\dvv-2018.pch
d:\labs\yap\кп\dvv-2018\dvv-2018\x64\debug\vc141.pdb
d:\labs\yap\кп\dvv-2018\dvv-2018\x64\debug\vc141.idb
d:\labs\yap\кп\dvv-2018\dvv-2018\x64\debug\pch.obj
d:\labs\yap\кп\dvv-2018\dvv-2018\x64\debug\parameter.obj
d:\labs\yap\кп\dvv-2018\dvv-2018\x64\debug\log.obj
d:\labs\yap\кп\dvv-2018\dvv-2018\x64\debug\lexicalanalizator.obj
d:\labs\yap\кп\dvv-2018\dvv-2018\x64\debug\lex.obj
d:\labs\yap\кп\dvv-2018\dvv-2018\x64\debug\in.obj
d:\labs\yap\кп\dvv-2018\dvv-2018\x64\debug\id.obj
d:\labs\yap\кп\dvv-2018\dvv-2018\x64\debug\fst.obj
d:\labs\yap\кп\dvv-2018\dvv-2018\x64\debug\error.obj
d:\labs\yap\кп\dvv-2018\dvv-2018\x64\debug\dvv-2018.obj
d:\labs\yap\кп\dvv-2018\x64\debug\dvv-2018.ilk
d:\labs\yap\кп\dvv-2018\x64\debug\dvv-2018.exe
d:\labs\yap\кп\dvv-2018\x64\debug\dvv-2018.pdb
d:\labs\yap\кп\dvv-2018\dvv-2018\x64\debug\dvv-2018.tlog\cl.command.1.tlog
d:\labs\yap\кп\dvv-2018\dvv-2018\x64\debug\dvv-2018.tlog\cl.read.1.tlog
d:\labs\yap\кп\dvv-2018\dvv-2018\x64\debug\dvv-2018.tlog\cl.write.1.tlog
d:\labs\yap\кп\dvv-2018\dvv-2018\x64\debug\dvv-2018.tlog\link.command.1.tlog
d:\labs\yap\кп\dvv-2018\dvv-2018\x64\debug\dvv-2018.tlog\link.read.1.tlog
d:\labs\yap\кп\dvv-2018\dvv-2018\x64\debug\dvv-2018.tlog\link.write.1.tlog
